<?xml version="1.0" encoding="UTF-8" ?>
<testsuite tests="1" failures="1" name="runnerFiles.TestRunner" time="6.798" errors="0" skipped="0">
  <properties>
[...]
</properties>
  <testcase classname="runnerFiles.TestRunner" name="feature" time="6.798">
    <failure message="java.lang.AssertionError: tag is not present  null" type="cucumber.runtime.CucumberException">cucumber.runtime.CucumberException: java.lang.AssertionError: tag is not present  null
	at cucumber.api.testng.TestNGCucumberRunner.runCucumber(TestNGCucumberRunner.java:69)
	at cucumber.api.testng.AbstractTestNGCucumberTests.feature(AbstractTestNGCucumberTests.java:21)
	at sun.reflect.NativeMethodAccessorImpl.invoke0(Native Method)
	at sun.reflect.NativeMethodAccessorImpl.invoke(NativeMethodAccessorImpl.java:62)
	at sun.reflect.DelegatingMethodAccessorImpl.invoke(DelegatingMethodAccessorImpl.java:43)
	at java.lang.reflect.Method.invoke(Method.java:498)
	at org.testng.internal.MethodInvocationHelper.invokeMethod(MethodInvocationHelper.java:86)
	at org.testng.internal.Invoker.invokeMethod(Invoker.java:643)
	at org.testng.internal.Invoker.invokeTestMethod(Invoker.java:820)
	at org.testng.internal.Invoker.invokeTestMethods(Invoker.java:1128)
	at org.testng.internal.TestMethodWorker.invokeTestMethods(TestMethodWorker.java:129)
	at org.testng.internal.TestMethodWorker.run(TestMethodWorker.java:112)
	at org.testng.TestRunner.privateRun(TestRunner.java:782)
	at org.testng.TestRunner.run(TestRunner.java:632)
	at org.testng.SuiteRunner.runTest(SuiteRunner.java:366)
	at org.testng.SuiteRunner.runSequentially(SuiteRunner.java:361)
	at org.testng.SuiteRunner.privateRun(SuiteRunner.java:319)
	at org.testng.SuiteRunner.run(SuiteRunner.java:268)
	at org.testng.SuiteRunnerWorker.runSuite(SuiteRunnerWorker.java:52)
	at org.testng.SuiteRunnerWorker.run(SuiteRunnerWorker.java:86)
	at org.testng.TestNG.runSuitesSequentially(TestNG.java:1244)
	at org.testng.TestNG.runSuitesLocally(TestNG.java:1169)
	at org.testng.TestNG.run(TestNG.java:1064)
	at org.apache.maven.surefire.testng.TestNGExecutor.run(TestNGExecutor.java:77)
	at org.apache.maven.surefire.testng.TestNGDirectoryTestSuite.execute(TestNGDirectoryTestSuite.java:110)
	at org.apache.maven.surefire.testng.TestNGProvider.invoke(TestNGProvider.java:106)
	at sun.reflect.NativeMethodAccessorImpl.invoke0(Native Method)
	at sun.reflect.NativeMethodAccessorImpl.invoke(NativeMethodAccessorImpl.java:62)
	at sun.reflect.DelegatingMethodAccessorImpl.invoke(DelegatingMethodAccessorImpl.java:43)
	at java.lang.reflect.Method.invoke(Method.java:498)
	at org.apache.maven.surefire.util.ReflectionUtils.invokeMethodWithArray(ReflectionUtils.java:189)
	at org.apache.maven.surefire.booter.ProviderFactory$ProviderProxy.invoke(ProviderFactory.java:165)
	at org.apache.maven.surefire.booter.ProviderFactory.invokeProvider(ProviderFactory.java:85)
	at org.apache.maven.surefire.booter.ForkedBooter.runSuitesInProcess(ForkedBooter.java:115)
	at org.apache.maven.surefire.booter.ForkedBooter.main(ForkedBooter.java:75)
Caused by: java.lang.AssertionError: tag is not present  null
	at org.testng.Assert.fail(Assert.java:94)
	at utils.JsonReader.storeJonArrayResponse(JsonReader.java:127)
	at utils.JsonReader.jsonReaderResponse(JsonReader.java:67)
	at stepdefs.API_StepDef.store_the_response_tag_value(API_StepDef.java:39)
	at ✽.When store the response tag value &quot;&quot;(API.feature:7)
Caused by: java.lang.AssertionError: tag is not present  null
	at org.testng.Assert.fail(Assert.java:94)
	at utils.JsonReader.storeJonArrayResponse(JsonReader.java:127)
	at utils.JsonReader.jsonReaderResponse(JsonReader.java:67)
	at stepdefs.API_StepDef.store_the_response_tag_value(API_StepDef.java:39)
	at ✽.When store the response tag value &quot;&quot;(API.feature:7)
</failure>
    <system-out>Configuring TestNG with: org.apache.maven.surefire.testng.conf.TestNG652Configurator@2a3046da
@tag
Feature: Title of your feature
  I want to use this template for my feature file

  Scenario Outline: Test the API &quot;&lt;URL&quot;&gt;              &amp;#27;[90m# API.feature:5&amp;#27;[0m
    &amp;#27;[36mGiven &amp;#27;[0m&amp;#27;[36mHit the url &quot;&lt;URL&gt;&quot;&amp;#27;[0m
    &amp;#27;[36mWhen &amp;#27;[0m&amp;#27;[36mstore the response tag value &quot;&lt;responseTag&gt;&quot;&amp;#27;[0m
    &amp;#27;[36mThen &amp;#27;[0m&amp;#27;[36mcheck the &quot;&lt;responseTag&gt;&quot; value&amp;#27;[0m

    Examples: 
{&quot;data&quot;:{&quot;offering&quot;:[{&quot;code&quot;:&quot;CZ19&quot;,&quot;endDate&quot;:&quot;2019-01-02&quot;,&quot;futuresMonth&quot;:&quot;12&quot;,&quot;futuresYear&quot;:&quot;2019&quot;,&quot;startDate&quot;:&quot;2018-01-12&quot;,&quot;thirdPartyId&quot;:&quot;12&quot;},{&quot;code&quot;:&quot;CU18&quot;,&quot;endDate&quot;:&quot;2018-30-11&quot;,&quot;futuresMonth&quot;:&quot;09&quot;,&quot;futuresYear&quot;:&quot;2018&quot;,&quot;startDate&quot;:&quot;2018-01-09&quot;,&quot;thirdPartyId&quot;:&quot;13&quot;},{&quot;code&quot;:&quot;CH19&quot;,&quot;endDate&quot;:&quot;2019-30-04&quot;,&quot;futuresMonth&quot;:&quot;03&quot;,&quot;futuresYear&quot;:&quot;2019&quot;,&quot;startDate&quot;:&quot;2019-01-03&quot;,&quot;thirdPartyId&quot;:&quot;14&quot;},{&quot;code&quot;:&quot;CK19&quot;,&quot;endDate&quot;:&quot;2019-30-06&quot;,&quot;futuresMonth&quot;:&quot;05&quot;,&quot;futuresYear&quot;:&quot;2019&quot;,&quot;startDate&quot;:&quot;2019-01-05&quot;,&quot;thirdPartyId&quot;:&quot;15&quot;},{&quot;code&quot;:&quot;CN19&quot;,&quot;endDate&quot;:&quot;2019-30-08&quot;,&quot;futuresMonth&quot;:&quot;07&quot;,&quot;futuresYear&quot;:&quot;2019&quot;,&quot;startDate&quot;:&quot;2019-01-07&quot;,&quot;thirdPartyId&quot;:&quot;16&quot;}]}}

  @tag
  Scenario Outline: Test the API &quot;&lt;URL&quot;&gt;                                                                                &amp;#27;[90m# API.feature:12&amp;#27;[0m
    &amp;#27;[32mGiven &amp;#27;[0m&amp;#27;[32mHit the url &quot;&amp;#27;[0m&amp;#27;[32m&amp;#27;[1mhttps://api-dev.dev.dev-cglcloud.com/api/dxo/cascna/v1/contract/futureOffering?commodityCode=12&amp;#27;[0m&amp;#27;[32m&quot;&amp;#27;[0m &amp;#27;[90m# API_StepDef.hit_the_url(String)&amp;#27;[0m
    &amp;#27;[31mWhen &amp;#27;[0m&amp;#27;[31mstore the response tag value &quot;&amp;#27;[0m&amp;#27;[31m&amp;#27;[1m&amp;#27;[0m&amp;#27;[31m&quot;&amp;#27;[0m                                                                                &amp;#27;[90m# API_StepDef.store_the_response_tag_value(String)&amp;#27;[0m
      &amp;#27;[31mjava.lang.AssertionError: tag is not present  null
      	at org.testng.Assert.fail(Assert.java:94)
      	at utils.JsonReader.storeJonArrayResponse(JsonReader.java:127)
      	at utils.JsonReader.jsonReaderResponse(JsonReader.java:67)
      	at stepdefs.API_StepDef.store_the_response_tag_value(API_StepDef.java:39)
      	at ✽.When store the response tag value &quot;&quot;(API.feature:7)
      &amp;#27;[0m
    &amp;#27;[36mThen &amp;#27;[0m&amp;#27;[36mcheck the &quot;&amp;#27;[0m&amp;#27;[36m&amp;#27;[1m&amp;#27;[0m&amp;#27;[36m&quot; value&amp;#27;[0m                                                                                             &amp;#27;[90m# API_StepDef.check_the_value_with_the_test_data(String)&amp;#27;[0m
{&quot;data&quot;:{&quot;delLocBidGroup&quot;:[{&quot;delLocBid&quot;:[{&quot;deliveryLocation&quot;:{&quot;city&quot;:&quot;Council Bluffs, CAH&quot;,&quot;description&quot;:&quot;Council Bluffs&quot;,&quot;locationId&quot;:&quot;123&quot;,&quot;state&quot;:&quot;CAH&quot;,&quot;thirdPartyLocationId&quot;:&quot;12&quot;},&quot;pricing&quot;:{&quot;basis&quot;:-0.01,&quot;flatPrice&quot;:12.0,&quot;futures&quot;:12.01,&quot;marketQuotePriceId&quot;:&quot;900&quot;}},{&quot;deliveryLocation&quot;:{&quot;city&quot;:&quot;Blair, SSNA&quot;,&quot;description&quot;:&quot;Blair&quot;,&quot;locationId&quot;:&quot;124&quot;,&quot;state&quot;:&quot;SSNA&quot;,&quot;thirdPartyLocationId&quot;:&quot;13&quot;},&quot;pricing&quot;:{&quot;basis&quot;:-0.26,&quot;flatPrice&quot;:10.067,&quot;futures&quot;:10.32,&quot;marketQuotePriceId&quot;:&quot;999&quot;}},{&quot;deliveryLocation&quot;:{&quot;city&quot;:&quot;Hamburg, CAH&quot;,&quot;description&quot;:&quot;Hamburg&quot;,&quot;locationId&quot;:&quot;125&quot;,&quot;state&quot;:&quot;CAH&quot;,&quot;thirdPartyLocationId&quot;:&quot;14&quot;},&quot;pricing&quot;:{&quot;basis&quot;:-0.32,&quot;flatPrice&quot;:12.0,&quot;futures&quot;:12.32,&quot;marketQuotePriceId&quot;:&quot;997&quot;}},{&quot;deliveryLocation&quot;:{&quot;city&quot;:&quot;Albion, CAH&quot;,&quot;description&quot;:&quot;Albion&quot;,&quot;locationId&quot;:&quot;126&quot;,&quot;state&quot;:&quot;CAH&quot;,&quot;thirdPartyLocationId&quot;:&quot;15&quot;},&quot;pricing&quot;:{&quot;basis&quot;:-0.3,&quot;flatPrice&quot;:10.22,&quot;futures&quot;:10.52,&quot;marketQuotePriceId&quot;:&quot;898&quot;}}],&quot;endDate&quot;:&quot;09/31/2018&quot;,&quot;groupLabel&quot;:&quot;Full Month&quot;,&quot;startDate&quot;:&quot;09/01/2018&quot;},{&quot;delLocBid&quot;:[{&quot;deliveryLocation&quot;:{&quot;city&quot;:&quot;Council Bluffs, CAH&quot;,&quot;description&quot;:&quot;Council Bluffs&quot;,&quot;locationId&quot;:&quot;123&quot;,&quot;state&quot;:&quot;CAH&quot;,&quot;thirdPartyLocationId&quot;:&quot;12&quot;},&quot;pricing&quot;:{&quot;basis&quot;:-0.01,&quot;flatPrice&quot;:12.0,&quot;futures&quot;:12.01,&quot;marketQuotePriceId&quot;:&quot;900&quot;}},{&quot;deliveryLocation&quot;:{&quot;city&quot;:&quot;Blair, SSNA&quot;,&quot;description&quot;:&quot;Blair&quot;,&quot;locationId&quot;:&quot;124&quot;,&quot;state&quot;:&quot;SSNA&quot;,&quot;thirdPartyLocationId&quot;:&quot;13&quot;},&quot;pricing&quot;:{&quot;basis&quot;:-0.26,&quot;flatPrice&quot;:10.067,&quot;futures&quot;:10.32,&quot;marketQuotePriceId&quot;:&quot;999&quot;}},{&quot;deliveryLocation&quot;:{&quot;city&quot;:&quot;Hamburg, CAH&quot;,&quot;description&quot;:&quot;Hamburg&quot;,&quot;locationId&quot;:&quot;125&quot;,&quot;state&quot;:&quot;CAH&quot;,&quot;thirdPartyLocationId&quot;:&quot;14&quot;},&quot;pricing&quot;:{&quot;basis&quot;:-0.32,&quot;flatPrice&quot;:12.0,&quot;futures&quot;:12.32,&quot;marketQuotePriceId&quot;:&quot;997&quot;}},{&quot;deliveryLocation&quot;:{&quot;city&quot;:&quot;Albion, CAH&quot;,&quot;description&quot;:&quot;Albion&quot;,&quot;locationId&quot;:&quot;126&quot;,&quot;state&quot;:&quot;CAH&quot;,&quot;thirdPartyLocationId&quot;:&quot;15&quot;},&quot;pricing&quot;:{&quot;basis&quot;:-0.3,&quot;flatPrice&quot;:10.22,&quot;futures&quot;:10.52,&quot;marketQuotePriceId&quot;:&quot;898&quot;}}],&quot;endDate&quot;:&quot;09/15/2018&quot;,&quot;groupLabel&quot;:&quot;First Half&quot;,&quot;startDate&quot;:&quot;09/01/2018&quot;},{&quot;delLocBid&quot;:[{&quot;deliveryLocation&quot;:{&quot;city&quot;:&quot;Council Bluffs, CAH&quot;,&quot;description&quot;:&quot;Council Bluffs&quot;,&quot;locationId&quot;:&quot;123&quot;,&quot;state&quot;:&quot;CAH&quot;,&quot;thirdPartyLocationId&quot;:&quot;12&quot;},&quot;pricing&quot;:{&quot;basis&quot;:-0.01,&quot;flatPrice&quot;:12.0,&quot;futures&quot;:12.01,&quot;marketQuotePriceId&quot;:&quot;900&quot;}},{&quot;deliveryLocation&quot;:{&quot;city&quot;:&quot;Blair, SSNA&quot;,&quot;description&quot;:&quot;Blair&quot;,&quot;locationId&quot;:&quot;124&quot;,&quot;state&quot;:&quot;SSNA&quot;,&quot;thirdPartyLocationId&quot;:&quot;13&quot;},&quot;pricing&quot;:{&quot;basis&quot;:-0.26,&quot;flatPrice&quot;:10.067,&quot;futures&quot;:10.32,&quot;marketQuotePriceId&quot;:&quot;999&quot;}},{&quot;deliveryLocation&quot;:{&quot;city&quot;:&quot;Hamburg, CAH&quot;,&quot;description&quot;:&quot;Hamburg&quot;,&quot;locationId&quot;:&quot;125&quot;,&quot;state&quot;:&quot;CAH&quot;,&quot;thirdPartyLocationId&quot;:&quot;14&quot;},&quot;pricing&quot;:{&quot;basis&quot;:-0.32,&quot;flatPrice&quot;:12.0,&quot;futures&quot;:12.32,&quot;marketQuotePriceId&quot;:&quot;997&quot;}},{&quot;deliveryLocation&quot;:{&quot;city&quot;:&quot;Albion, CAH&quot;,&quot;description&quot;:&quot;Albion&quot;,&quot;locationId&quot;:&quot;126&quot;,&quot;state&quot;:&quot;CAH&quot;,&quot;thirdPartyLocationId&quot;:&quot;15&quot;},&quot;pricing&quot;:{&quot;basis&quot;:-0.3,&quot;flatPrice&quot;:10.22,&quot;futures&quot;:10.52,&quot;marketQuotePriceId&quot;:&quot;898&quot;}}],&quot;endDate&quot;:&quot;09/30/2018&quot;,&quot;groupLabel&quot;:&quot;Last Half&quot;,&quot;startDate&quot;:&quot;09/16/2018&quot;},{&quot;delLocBid&quot;:[{&quot;deliveryLocation&quot;:{&quot;city&quot;:&quot;Council Bluffs, CAH&quot;,&quot;description&quot;:&quot;Council Bluffs&quot;,&quot;locationId&quot;:&quot;123&quot;,&quot;state&quot;:&quot;CAH&quot;,&quot;thirdPartyLocationId&quot;:&quot;12&quot;},&quot;pricing&quot;:{&quot;basis&quot;:-0.01,&quot;flatPrice&quot;:12.0,&quot;futures&quot;:12.01,&quot;marketQuotePriceId&quot;:&quot;900&quot;}},{&quot;deliveryLocation&quot;:{&quot;city&quot;:&quot;Blair, SSNA&quot;,&quot;description&quot;:&quot;Blair&quot;,&quot;locationId&quot;:&quot;124&quot;,&quot;state&quot;:&quot;SSNA&quot;,&quot;thirdPartyLocationId&quot;:&quot;13&quot;},&quot;pricing&quot;:{&quot;basis&quot;:-0.26,&quot;flatPrice&quot;:10.067,&quot;futures&quot;:10.32,&quot;marketQuotePriceId&quot;:&quot;999&quot;}},{&quot;deliveryLocation&quot;:{&quot;city&quot;:&quot;Hamburg, CAH&quot;,&quot;description&quot;:&quot;Hamburg&quot;,&quot;locationId&quot;:&quot;125&quot;,&quot;state&quot;:&quot;CAH&quot;,&quot;thirdPartyLocationId&quot;:&quot;14&quot;},&quot;pricing&quot;:{&quot;basis&quot;:-0.32,&quot;flatPrice&quot;:12.0,&quot;futures&quot;:12.32,&quot;marketQuotePriceId&quot;:&quot;997&quot;}},{&quot;deliveryLocation&quot;:{&quot;city&quot;:&quot;Albion, CAH&quot;,&quot;description&quot;:&quot;Albion&quot;,&quot;locationId&quot;:&quot;126&quot;,&quot;state&quot;:&quot;CAH&quot;,&quot;thirdPartyLocationId&quot;:&quot;15&quot;},&quot;pricing&quot;:{&quot;basis&quot;:-0.3,&quot;flatPrice&quot;:10.22,&quot;futures&quot;:10.52,&quot;marketQuotePriceId&quot;:&quot;898&quot;}}],&quot;endDate&quot;:&quot;10/30/2018&quot;,&quot;groupLabel&quot;:&quot;Full Month&quot;,&quot;startDate&quot;:&quot;10/01/2018&quot;}]}}

  @tag
  Scenario Outline: Test the API &quot;&lt;URL&quot;&gt;                                                                          &amp;#27;[90m# API.feature:13&amp;#27;[0m
    &amp;#27;[32mGiven &amp;#27;[0m&amp;#27;[32mHit the url &quot;&amp;#27;[0m&amp;#27;[32m&amp;#27;[1mhttps://api-dev.dev.dev-cglcloud.com/api/dxo/cascna/v1/contract/deliveryLocationsWithBids&amp;#27;[0m&amp;#27;[32m&quot;&amp;#27;[0m &amp;#27;[90m# API_StepDef.hit_the_url(String)&amp;#27;[0m
    &amp;#27;[31mWhen &amp;#27;[0m&amp;#27;[31mstore the response tag value &quot;&amp;#27;[0m&amp;#27;[31m&amp;#27;[1mdata&gt;delLocBidGroup&gt;&gt;delLocBid..deliveryLocation.city&amp;#27;[0m&amp;#27;[31m&quot;&amp;#27;[0m                     &amp;#27;[90m# API_StepDef.store_the_response_tag_value(String)&amp;#27;[0m
      &amp;#27;[31mjava.lang.AssertionError: tag is not present data&gt;delLocBidGroup&gt;&gt;delLocBid..deliveryLocation.city null
      	at org.testng.Assert.fail(Assert.java:94)
      	at utils.JsonReader.storeMultileDatainJon_MultipleArray_MultipleNormal(JsonReader.java:335)
      	at utils.JsonReader.jsonReaderResponse(JsonReader.java:44)
      	at stepdefs.API_StepDef.store_the_response_tag_value(API_StepDef.java:39)
      	at ✽.When store the response tag value &quot;data&gt;delLocBidGroup&gt;&gt;delLocBid..deliveryLocation.city&quot;(API.feature:7)
      &amp;#27;[0m
    &amp;#27;[36mThen &amp;#27;[0m&amp;#27;[36mcheck the &quot;&amp;#27;[0m&amp;#27;[36m&amp;#27;[1mdata&gt;delLocBidGroup&gt;&gt;delLocBid..deliveryLocation.city&amp;#27;[0m&amp;#27;[36m&quot; value&amp;#27;[0m                                  &amp;#27;[90m# API_StepDef.check_the_value_with_the_test_data(String)&amp;#27;[0m
</system-out>
  </testcase>
</testsuite>