<?xml version="1.0" encoding="UTF-8"?>
<testng-results skipped="0" failed="0" ignored="0" total="1" passed="1">
  <reporter-output>
  </reporter-output>
  <suite name="Default suite" duration-ms="32108" started-at="2018-09-27T07:27:06Z" finished-at="2018-09-27T07:27:38Z">
    <groups>
      <group name="cucumber">
        <method signature="AbstractTestNGCucumberTests.feature(cucumber.api.testng.CucumberFeatureWrapper)[pri:0, instance:runnerFiles.TestRunner@245b4bdc]" name="feature" class="cucumber.api.testng.AbstractTestNGCucumberTests"/>
      </group> <!-- cucumber -->
    </groups>
    <test name="Default test" duration-ms="32108" started-at="2018-09-27T07:27:06Z" finished-at="2018-09-27T07:27:38Z">
      <class name="runnerFiles.TestRunner">
        <test-method status="PASS" signature="setUpClass()[pri:0, instance:runnerFiles.TestRunner@245b4bdc]" name="setUpClass" is-config="true" duration-ms="166" started-at="2018-09-27T07:27:06Z" finished-at="2018-09-27T07:27:06Z">
          <reporter-output>
          </reporter-output>
        </test-method> <!-- setUpClass -->
        <test-method status="PASS" signature="feature(cucumber.api.testng.CucumberFeatureWrapper)[pri:0, instance:runnerFiles.TestRunner@245b4bdc]" name="feature" duration-ms="31854" started-at="2018-09-27T07:27:06Z" description="Runs Cucumber Feature" data-provider="features" finished-at="2018-09-27T07:27:38Z">
          <params>
            <param index="0">
              <value>
                <![CDATA[Title of your feature]]>
              </value>
            </param>
          </params>
          <reporter-output>
          </reporter-output>
        </test-method> <!-- feature -->
        <test-method status="PASS" signature="tearDownClass()[pri:0, instance:runnerFiles.TestRunner@245b4bdc]" name="tearDownClass" is-config="true" duration-ms="6" started-at="2018-09-27T07:27:38Z" finished-at="2018-09-27T07:27:38Z">
          <reporter-output>
          </reporter-output>
        </test-method> <!-- tearDownClass -->
      </class> <!-- runnerFiles.TestRunner -->
    </test> <!-- Default test -->
  </suite> <!-- Default suite -->
</testng-results>
